<?xml version="1.0" encoding="UTF-8"?>
<robot generator="Robot 6.1.1 (Python 3.10.12 on linux)" generated="20231102 07:05:35.960" rpa="false" schemaversion="4">
<suite id="s1" name="Ex1" source="/root/Bao/auto/ex1/ex1.robot">
<kw name="Run Keywords" library="BuiltIn" type="SETUP">
<arg>Log To Console</arg>
<arg>\nTest Suite Setup.....\n\n------------------------------------------------------------------------------</arg>
<arg>AND</arg>
<arg>Create File</arg>
<arg>./conv.txt</arg>
<doc>Executes all the given keywords in a sequence.</doc>
<kw name="Log To Console" library="BuiltIn">
<arg>\nTest Suite Setup.....\n\n------------------------------------------------------------------------------</arg>
<doc>Logs the given message to the console.</doc>
<status status="PASS" starttime="20231102 07:05:36.057" endtime="20231102 07:05:36.057"/>
</kw>
<kw name="Create File" library="OperatingSystem">
<arg>./conv.txt</arg>
<doc>Creates a file with the given content and encoding.</doc>
<msg timestamp="20231102 07:05:36.058" level="INFO" html="true">Created file '&lt;a href="file:///root/Bao/auto/ex1/conv.txt"&gt;/root/Bao/auto/ex1/conv.txt&lt;/a&gt;'.</msg>
<status status="PASS" starttime="20231102 07:05:36.057" endtime="20231102 07:05:36.058"/>
</kw>
<status status="PASS" starttime="20231102 07:05:36.056" endtime="20231102 07:05:36.058"/>
</kw>
<test id="s1-t1" name="Verify &lt;New item&gt; Function With Valid Input Set" line="19">
<kw name="Run Process" library="Process">
<var>${test1}</var>
<arg>echo -n "2\netheral blade\n100\n850000\n4\n0" | ./run_file.sh</arg>
<arg>shell=True</arg>
<arg>cwd=/root/Bao/cpp/test</arg>
<arg>stdin=PIPE</arg>
<arg>stdout=/root/Bao/auto/ex1/result.txt</arg>
<doc>Runs a process and waits for it to complete.</doc>
<msg timestamp="20231102 07:05:36.068" level="INFO">Starting process:
echo -n "2
etheral blade
100
850000
4
0" | ./run_file.sh</msg>
<msg timestamp="20231102 07:05:36.080" level="INFO">Waiting for process to complete.</msg>
<msg timestamp="20231102 07:05:36.866" level="INFO">Process completed.</msg>
<msg timestamp="20231102 07:05:36.867" level="INFO">${test1} = &lt;result object with rc 0&gt;</msg>
<status status="PASS" starttime="20231102 07:05:36.060" endtime="20231102 07:05:36.867"/>
</kw>
<kw name="Should Contain" library="BuiltIn">
<arg>${test1.stdout.strip()}</arg>
<arg>etheral blade</arg>
<doc>Fails if ``container`` does not contain ``item`` one or more times.</doc>
<status status="PASS" starttime="20231102 07:05:36.868" endtime="20231102 07:05:36.870"/>
</kw>
<kw name="Run Keyword" library="BuiltIn" type="TEARDOWN">
<arg>Empty All Files</arg>
<doc>Executes the given keyword with the given arguments.</doc>
<kw name="Empty All Files" library="ex1_2">
<for flavor="IN">
<var>${element}</var>
<value>@{filename}</value>
<iter>
<var name="${element}">./result.txt</var>
<kw name="Empty File" library="lib">
<arg>${element}</arg>
<doc>Clear content of ``filename`` </doc>
<status status="PASS" starttime="20231102 07:05:36.873" endtime="20231102 07:05:36.878"/>
</kw>
<status status="PASS" starttime="20231102 07:05:36.873" endtime="20231102 07:05:36.879"/>
</iter>
<iter>
<var name="${element}">./conv.txt</var>
<kw name="Empty File" library="lib">
<arg>${element}</arg>
<doc>Clear content of ``filename`` </doc>
<status status="PASS" starttime="20231102 07:05:36.879" endtime="20231102 07:05:36.880"/>
</kw>
<status status="PASS" starttime="20231102 07:05:36.879" endtime="20231102 07:05:36.880"/>
</iter>
<status status="PASS" starttime="20231102 07:05:36.872" endtime="20231102 07:05:36.880"/>
</for>
<status status="PASS" starttime="20231102 07:05:36.871" endtime="20231102 07:05:36.880"/>
</kw>
<status status="PASS" starttime="20231102 07:05:36.871" endtime="20231102 07:05:36.880"/>
</kw>
<doc>Insert a new item (1) -- Expect &lt;List all items&gt; contains the new-created item.</doc>
<tag>test1</tag>
<status status="PASS" starttime="20231102 07:05:36.059" endtime="20231102 07:05:36.880"/>
</test>
<test id="s1-t2" name="Verify &lt;New customer&gt; Function With Valid Input Set" line="26">
<kw name="Run Process" library="Process">
<var>${proc2}</var>
<arg>./mainApp</arg>
<arg>shell=True</arg>
<arg>cwd=/root/Bao/cpp/test/build</arg>
<arg>stdout=/root/Bao/auto/ex1/result.txt</arg>
<arg>stdin=/root/Bao/auto/ex1/input2.txt</arg>
<arg>timeout=1</arg>
<doc>Runs a process and waits for it to complete.</doc>
<msg timestamp="20231102 07:05:36.890" level="INFO">Starting process:
./mainApp</msg>
<msg timestamp="20231102 07:05:36.908" level="INFO">Waiting for process to complete.</msg>
<msg timestamp="20231102 07:05:37.109" level="INFO">Process completed.</msg>
<msg timestamp="20231102 07:05:37.110" level="INFO">${proc2} = &lt;result object with rc 0&gt;</msg>
<status status="PASS" starttime="20231102 07:05:36.889" endtime="20231102 07:05:37.110"/>
</kw>
<kw name="Check customers list after adding new customers" library="ex1_2">
<var>${result2}</var>
<arg>./result.txt</arg>
<arg>./conv.txt</arg>
<kw name="Match Regex Customer" library="lib">
<doc>Find all customer's info in ``ifile``, then write to ``ofile``</doc>
<status status="PASS" starttime="20231102 07:05:37.112" endtime="20231102 07:05:37.114"/>
</kw>
<kw name="Verify Customer Output" library="lib">
<var>${ver}</var>
<doc>Verify the output ``ofile`` of ``List all customers`` function after adding some new customers. </doc>
<msg timestamp="20231102 07:05:37.116" level="INFO">${ver} = 4</msg>
<status status="PASS" starttime="20231102 07:05:37.114" endtime="20231102 07:05:37.116"/>
</kw>
<return>
<value>${ver}</value>
<status status="PASS" starttime="20231102 07:05:37.116" endtime="20231102 07:05:37.117"/>
</return>
<msg timestamp="20231102 07:05:37.117" level="INFO">${result2} = 4</msg>
<status status="PASS" starttime="20231102 07:05:37.111" endtime="20231102 07:05:37.117"/>
</kw>
<kw name="Should Be Equal As Integers" library="BuiltIn">
<arg>${result2}</arg>
<arg>4</arg>
<doc>Fails if objects are unequal after converting them to integers.</doc>
<msg timestamp="20231102 07:05:37.118" level="INFO">Argument types are:
&lt;class 'int'&gt;
&lt;class 'str'&gt;</msg>
<status status="PASS" starttime="20231102 07:05:37.117" endtime="20231102 07:05:37.127"/>
</kw>
<kw name="Run Keyword" library="BuiltIn" type="TEARDOWN">
<arg>Empty All Files</arg>
<doc>Executes the given keyword with the given arguments.</doc>
<kw name="Empty All Files" library="ex1_2">
<for flavor="IN">
<var>${element}</var>
<value>@{filename}</value>
<iter>
<var name="${element}">./result.txt</var>
<kw name="Empty File" library="lib">
<arg>${element}</arg>
<doc>Clear content of ``filename`` </doc>
<status status="PASS" starttime="20231102 07:05:37.130" endtime="20231102 07:05:37.131"/>
</kw>
<status status="PASS" starttime="20231102 07:05:37.130" endtime="20231102 07:05:37.131"/>
</iter>
<iter>
<var name="${element}">./conv.txt</var>
<kw name="Empty File" library="lib">
<arg>${element}</arg>
<doc>Clear content of ``filename`` </doc>
<status status="PASS" starttime="20231102 07:05:37.131" endtime="20231102 07:05:37.132"/>
</kw>
<status status="PASS" starttime="20231102 07:05:37.131" endtime="20231102 07:05:37.132"/>
</iter>
<status status="PASS" starttime="20231102 07:05:37.129" endtime="20231102 07:05:37.132"/>
</for>
<status status="PASS" starttime="20231102 07:05:37.129" endtime="20231102 07:05:37.132"/>
</kw>
<status status="PASS" starttime="20231102 07:05:37.128" endtime="20231102 07:05:37.132"/>
</kw>
<doc>Insert new customers (2) -- Expect &lt;List all customers&gt; contains the new-created customers.</doc>
<tag>test2</tag>
<status status="PASS" starttime="20231102 07:05:36.881" endtime="20231102 07:05:37.132"/>
</test>
<test id="s1-t3" name="Verify &lt;New customer&gt; Function With Wrong Info" line="37">
<kw name="Run Process" library="Process">
<var>${proc3}</var>
<arg>echo -n "1\nbao\n \n911\n3\n0" | ./mainApp</arg>
<arg>shell=True</arg>
<arg>cwd=/root/Bao/cpp/test/build</arg>
<arg>stdout=/root/Bao/auto/ex1/result.txt</arg>
<arg>stdin=PIPE</arg>
<arg>timeout=1</arg>
<doc>Runs a process and waits for it to complete.</doc>
<msg timestamp="20231102 07:05:37.145" level="INFO">Starting process:
echo -n "1
bao
 
911
3
0" | ./mainApp</msg>
<msg timestamp="20231102 07:05:37.161" level="INFO">Waiting for process to complete.</msg>
<msg timestamp="20231102 07:05:37.262" level="INFO">Process completed.</msg>
<msg timestamp="20231102 07:05:37.263" level="INFO">${proc3} = &lt;result object with rc 0&gt;</msg>
<status status="PASS" starttime="20231102 07:05:37.134" endtime="20231102 07:05:37.263"/>
</kw>
<kw name="Check customers list after adding new customers" library="ex1_2">
<var>${result3}</var>
<arg>./result.txt</arg>
<arg>./conv.txt</arg>
<kw name="Match Regex Customer" library="lib">
<doc>Find all customer's info in ``ifile``, then write to ``ofile``</doc>
<status status="PASS" starttime="20231102 07:05:37.265" endtime="20231102 07:05:37.266"/>
</kw>
<kw name="Verify Customer Output" library="lib">
<var>${ver}</var>
<doc>Verify the output ``ofile`` of ``List all customers`` function after adding some new customers. </doc>
<msg timestamp="20231102 07:05:37.267" level="INFO">${ver} = Fail at Address field - profile 1
Actual value: "Address:"
Expect value: non empty letter sequence</msg>
<status status="PASS" starttime="20231102 07:05:37.266" endtime="20231102 07:05:37.267"/>
</kw>
<return>
<value>${ver}</value>
<status status="PASS" starttime="20231102 07:05:37.267" endtime="20231102 07:05:37.267"/>
</return>
<msg timestamp="20231102 07:05:37.268" level="INFO">${result3} = Fail at Address field - profile 1
Actual value: "Address:"
Expect value: non empty letter sequence</msg>
<status status="PASS" starttime="20231102 07:05:37.264" endtime="20231102 07:05:37.268"/>
</kw>
<kw name="Log To Console" library="BuiltIn">
<arg>\n\n${result3}\n</arg>
<doc>Logs the given message to the console.</doc>
<status status="PASS" starttime="20231102 07:05:37.268" endtime="20231102 07:05:37.272"/>
</kw>
<kw name="Should Contain" library="BuiltIn">
<arg>${result3}</arg>
<arg>Fail at Address field</arg>
<doc>Fails if ``container`` does not contain ``item`` one or more times.</doc>
<status status="PASS" starttime="20231102 07:05:37.272" endtime="20231102 07:05:37.272"/>
</kw>
<kw name="Run Keyword" library="BuiltIn" type="TEARDOWN">
<arg>Empty All Files</arg>
<doc>Executes the given keyword with the given arguments.</doc>
<kw name="Empty All Files" library="ex1_2">
<for flavor="IN">
<var>${element}</var>
<value>@{filename}</value>
<iter>
<var name="${element}">./result.txt</var>
<kw name="Empty File" library="lib">
<arg>${element}</arg>
<doc>Clear content of ``filename`` </doc>
<status status="PASS" starttime="20231102 07:05:37.274" endtime="20231102 07:05:37.280"/>
</kw>
<status status="PASS" starttime="20231102 07:05:37.274" endtime="20231102 07:05:37.280"/>
</iter>
<iter>
<var name="${element}">./conv.txt</var>
<kw name="Empty File" library="lib">
<arg>${element}</arg>
<doc>Clear content of ``filename`` </doc>
<status status="PASS" starttime="20231102 07:05:37.280" endtime="20231102 07:05:37.281"/>
</kw>
<status status="PASS" starttime="20231102 07:05:37.280" endtime="20231102 07:05:37.281"/>
</iter>
<status status="PASS" starttime="20231102 07:05:37.273" endtime="20231102 07:05:37.281"/>
</for>
<status status="PASS" starttime="20231102 07:05:37.273" endtime="20231102 07:05:37.281"/>
</kw>
<status status="PASS" starttime="20231102 07:05:37.273" endtime="20231102 07:05:37.281"/>
</kw>
<doc>Insert new customers (2) with empty &lt;Addres&gt; -- Expect return "Fail at Address field"</doc>
<tag>test3</tag>
<status status="PASS" starttime="20231102 07:05:37.133" endtime="20231102 07:05:37.281"/>
</test>
<test id="s1-t4" name="Verify &lt;Make a new order&gt; Function With Invalid Input Set" line="48">
<kw name="Run Process" library="Process">
<var>${proc4}</var>
<arg>echo -n "6\n123\niphone\n0" | ./mainApp</arg>
<arg>shell=True</arg>
<arg>cwd=/root/Bao/cpp/test/build</arg>
<arg>stdout=/root/Bao/auto/ex1/result.txt</arg>
<arg>stdin=PIPE</arg>
<arg>timeout=1</arg>
<doc>Runs a process and waits for it to complete.</doc>
<msg timestamp="20231102 07:05:37.288" level="INFO">Starting process:
echo -n "6
123
iphone
0" | ./mainApp</msg>
<msg timestamp="20231102 07:05:37.310" level="INFO">Waiting for process to complete.</msg>
<msg timestamp="20231102 07:05:37.411" level="INFO">Process completed.</msg>
<msg timestamp="20231102 07:05:37.412" level="INFO">${proc4} = &lt;result object with rc 0&gt;</msg>
<status status="PASS" starttime="20231102 07:05:37.285" endtime="20231102 07:05:37.412"/>
</kw>
<kw name="Should Contain" library="BuiltIn">
<arg>${proc4.stdout.strip()}</arg>
<arg>Item not exits</arg>
<doc>Fails if ``container`` does not contain ``item`` one or more times.</doc>
<status status="PASS" starttime="20231102 07:05:37.412" endtime="20231102 07:05:37.414"/>
</kw>
<kw name="Run Keyword" library="BuiltIn" type="TEARDOWN">
<arg>Empty All Files</arg>
<doc>Executes the given keyword with the given arguments.</doc>
<kw name="Empty All Files" library="ex1_2">
<for flavor="IN">
<var>${element}</var>
<value>@{filename}</value>
<iter>
<var name="${element}">./result.txt</var>
<kw name="Empty File" library="lib">
<arg>${element}</arg>
<doc>Clear content of ``filename`` </doc>
<status status="PASS" starttime="20231102 07:05:37.416" endtime="20231102 07:05:37.418"/>
</kw>
<status status="PASS" starttime="20231102 07:05:37.416" endtime="20231102 07:05:37.419"/>
</iter>
<iter>
<var name="${element}">./conv.txt</var>
<kw name="Empty File" library="lib">
<arg>${element}</arg>
<doc>Clear content of ``filename`` </doc>
<status status="PASS" starttime="20231102 07:05:37.419" endtime="20231102 07:05:37.422"/>
</kw>
<status status="PASS" starttime="20231102 07:05:37.419" endtime="20231102 07:05:37.422"/>
</iter>
<status status="PASS" starttime="20231102 07:05:37.416" endtime="20231102 07:05:37.422"/>
</for>
<status status="PASS" starttime="20231102 07:05:37.415" endtime="20231102 07:05:37.422"/>
</kw>
<status status="PASS" starttime="20231102 07:05:37.415" endtime="20231102 07:05:37.422"/>
</kw>
<doc>Insert new orders (6) -- Make an order with not available item -- Expect message "Item not exits"
Step       |  Input
Select (6) |  Type Customer's ID (number only): 123
           |  Type item's name: iphone 15
 ---------------------------------------------------------------------------------------
           |  Output
 ---------------------------------------------------------------------------------------
&lt;console&gt;  |  Expect logging to console:  "Item not exits"
Select (0) |  Exit program</doc>
<tag>test4</tag>
<status status="PASS" starttime="20231102 07:05:37.282" endtime="20231102 07:05:37.422"/>
</test>
<test id="s1-t5" name="Verify &lt;Make a new order&gt; Function With Invalid Input Set 2" line="65">
<kw name="Run Process" library="Process">
<var>${proc5}</var>
<arg>echo -n "2\netheral blade\n10\n800000\n6\n123\netheral blade\n101\n0" | ./run_file.sh</arg>
<arg>shell=True</arg>
<arg>cwd=/root/Bao/cpp/test/</arg>
<arg>stdout=/root/Bao/auto/ex1/result.txt</arg>
<arg>stdin=PIPE</arg>
<arg>timeout=5</arg>
<doc>Runs a process and waits for it to complete.</doc>
<msg timestamp="20231102 07:05:37.427" level="INFO">Starting process:
echo -n "2
etheral blade
10
800000
6
123
etheral blade
101
0" | ./run_file.sh</msg>
<msg timestamp="20231102 07:05:37.446" level="INFO">Waiting for process to complete.</msg>
<msg timestamp="20231102 07:05:38.348" level="INFO">Process completed.</msg>
<msg timestamp="20231102 07:05:38.349" level="INFO">${proc5} = &lt;result object with rc 0&gt;</msg>
<status status="PASS" starttime="20231102 07:05:37.426" endtime="20231102 07:05:38.349"/>
</kw>
<kw name="Should Contain" library="BuiltIn">
<arg>${proc5.stdout.strip()}</arg>
<arg>Item etheral blade have only 10 in stock</arg>
<doc>Fails if ``container`` does not contain ``item`` one or more times.</doc>
<status status="PASS" starttime="20231102 07:05:38.350" endtime="20231102 07:05:38.352"/>
</kw>
<kw name="Run Keyword" library="BuiltIn" type="TEARDOWN">
<arg>Empty All Files</arg>
<doc>Executes the given keyword with the given arguments.</doc>
<kw name="Empty All Files" library="ex1_2">
<for flavor="IN">
<var>${element}</var>
<value>@{filename}</value>
<iter>
<var name="${element}">./result.txt</var>
<kw name="Empty File" library="lib">
<arg>${element}</arg>
<doc>Clear content of ``filename`` </doc>
<status status="PASS" starttime="20231102 07:05:38.355" endtime="20231102 07:05:38.355"/>
</kw>
<status status="PASS" starttime="20231102 07:05:38.354" endtime="20231102 07:05:38.355"/>
</iter>
<iter>
<var name="${element}">./conv.txt</var>
<kw name="Empty File" library="lib">
<arg>${element}</arg>
<doc>Clear content of ``filename`` </doc>
<status status="PASS" starttime="20231102 07:05:38.356" endtime="20231102 07:05:38.356"/>
</kw>
<status status="PASS" starttime="20231102 07:05:38.355" endtime="20231102 07:05:38.356"/>
</iter>
<status status="PASS" starttime="20231102 07:05:38.354" endtime="20231102 07:05:38.356"/>
</for>
<status status="PASS" starttime="20231102 07:05:38.353" endtime="20231102 07:05:38.361"/>
</kw>
<status status="PASS" starttime="20231102 07:05:38.353" endtime="20231102 07:05:38.361"/>
</kw>
<doc>Make a new orders (6) with invalid input &lt;quantities&gt; -- Expect message "Item x have only y in stock"
Step       |  Input
---------------------------------------------------------------------------------------
Select (2) |  Insert item's name: etheral blade
           |  Insert item's quantities: 10
           |  Insert price: 800000
Select (6) |  Type Customer's ID (number only): 123
           |  Type item's name: etheral blade
           |  Quantities: 101
 ---------------------------------------------------------------------------------------
           |  Output
 ---------------------------------------------------------------------------------------
&lt;console&gt;  |  Expect logging to console:  "Item /etheral blade/ have only /10/ in stock"
Select (0) |  Exit program</doc>
<tag>test5</tag>
<status status="PASS" starttime="20231102 07:05:37.423" endtime="20231102 07:05:38.361"/>
</test>
<test id="s1-t6" name="Verify &lt;Make a new order&gt; Function With Valid Input Set" line="88">
<kw name="Run Process" library="Process">
<var>${proc6}</var>
<arg>echo -n "6\n123\ndivine rapier\n1\nn\nnam\ntma\n911\n3\n0" | ./run_file.sh</arg>
<arg>shell=True</arg>
<arg>cwd=/root/Bao/cpp/test/</arg>
<arg>stdout=/root/Bao/auto/ex1/result.txt</arg>
<arg>stdin=PIPE</arg>
<arg>timeout=5</arg>
<doc>Runs a process and waits for it to complete.</doc>
<msg timestamp="20231102 07:05:38.367" level="INFO">Starting process:
echo -n "6
123
divine rapier
1
n
nam
tma
911
3
0" | ./run_file.sh</msg>
<msg timestamp="20231102 07:05:38.386" level="INFO">Waiting for process to complete.</msg>
<msg timestamp="20231102 07:05:39.689" level="INFO">Process completed.</msg>
<msg timestamp="20231102 07:05:39.690" level="INFO">${proc6} = &lt;result object with rc 0&gt;</msg>
<status status="PASS" starttime="20231102 07:05:38.366" endtime="20231102 07:05:39.690"/>
</kw>
<kw name="Check customer's order list after making a new order" library="ex1_2">
<var>${result6}</var>
<arg>./result.txt</arg>
<arg>nam</arg>
<doc>Alias Keyword for &lt;Verify OrderID In Customer&gt;</doc>
<kw name="Verify OrderID In Customer" library="lib">
<var>${ver}</var>
<arg>nam</arg>
<doc>Search for the Order's Assigned ID in ``file name`` after making an order. 
Then search for ``Order list`` of the customer that have just made this order
and verify that the ``Order's Assigned ID`` now has been in the customer's ``Order list``</doc>
<msg timestamp="20231102 07:05:39.693" level="INFO">${ver} = Found the new order ID in customer's order list</msg>
<status status="PASS" starttime="20231102 07:05:39.692" endtime="20231102 07:05:39.694"/>
</kw>
<return>
<value>${ver}</value>
<status status="PASS" starttime="20231102 07:05:39.694" endtime="20231102 07:05:39.694"/>
</return>
<msg timestamp="20231102 07:05:39.694" level="INFO">${result6} = Found the new order ID in customer's order list</msg>
<status status="PASS" starttime="20231102 07:05:39.691" endtime="20231102 07:05:39.694"/>
</kw>
<kw name="Should Be Equal As Strings" library="BuiltIn">
<arg>${result6}</arg>
<arg>Found the new order ID in customer's order list</arg>
<doc>Fails if objects are unequal after converting them to strings.</doc>
<status status="PASS" starttime="20231102 07:05:39.694" endtime="20231102 07:05:39.695"/>
</kw>
<kw name="Run Keyword" library="BuiltIn" type="TEARDOWN">
<arg>Empty All Files</arg>
<doc>Executes the given keyword with the given arguments.</doc>
<kw name="Empty All Files" library="ex1_2">
<for flavor="IN">
<var>${element}</var>
<value>@{filename}</value>
<iter>
<var name="${element}">./result.txt</var>
<kw name="Empty File" library="lib">
<arg>${element}</arg>
<doc>Clear content of ``filename`` </doc>
<status status="PASS" starttime="20231102 07:05:39.698" endtime="20231102 07:05:39.703"/>
</kw>
<status status="PASS" starttime="20231102 07:05:39.698" endtime="20231102 07:05:39.703"/>
</iter>
<iter>
<var name="${element}">./conv.txt</var>
<kw name="Empty File" library="lib">
<arg>${element}</arg>
<doc>Clear content of ``filename`` </doc>
<status status="PASS" starttime="20231102 07:05:39.704" endtime="20231102 07:05:39.705"/>
</kw>
<status status="PASS" starttime="20231102 07:05:39.704" endtime="20231102 07:05:39.705"/>
</iter>
<status status="PASS" starttime="20231102 07:05:39.698" endtime="20231102 07:05:39.705"/>
</for>
<status status="PASS" starttime="20231102 07:05:39.697" endtime="20231102 07:05:39.705"/>
</kw>
<status status="PASS" starttime="20231102 07:05:39.697" endtime="20231102 07:05:39.705"/>
</kw>
<doc>Make a new orders (6) with valid input -- Expect info is saved successfully
Step       |  Input
---------------------------------------------------------------------------------------
Select (6) |  Type Customer's ID (number only): 123
           |  Type item's name: divine rapier
           |  Quantities: 1
           |  Continue shopping? (Y|N): n
 &lt;console&gt; |  Customer not found! Create new...
           |  Input your name: nam
           |  Input your address: tma
           |  Input your phone num: 911
 ---------------------------------------------------------------------------------------
           |  Output
 ---------------------------------------------------------------------------------------
 &lt;console&gt; |  Assigned customer's ID: some number
 &lt;console&gt; |  Assigned order's ID: some number
 &lt;console&gt; |  Total: 1000000.00
Select (3) |  Expect this customer will be listed with &lt;List all customers&gt;, and /Order list/ includes new generated order's ID
Select (0) |  Exit program</doc>
<tag>test6</tag>
<status status="PASS" starttime="20231102 07:05:38.362" endtime="20231102 07:05:39.705"/>
</test>
<kw name="Run Keywords" library="BuiltIn" type="TEARDOWN">
<arg>Terminate All Processes</arg>
<arg>kill=True</arg>
<arg>AND</arg>
<arg>Log to Console</arg>
<arg>\nComment out @{filename} at &lt;ex1.resource&gt; to read the output file\n</arg>
<arg>AND</arg>
<arg>Delete All Files</arg>
<arg>AND</arg>
<arg>Log To Console</arg>
<arg>Test Suite Teardown.....\n</arg>
<doc>Executes all the given keywords in a sequence.</doc>
<kw name="Terminate All Processes" library="Process">
<arg>kill=True</arg>
<doc>Terminates all still running processes started by this library.</doc>
<status status="PASS" starttime="20231102 07:05:39.709" endtime="20231102 07:05:39.709"/>
</kw>
<kw name="Log To Console" library="BuiltIn">
<arg>\nComment out @{filename} at &lt;ex1.resource&gt; to read the output file\n</arg>
<doc>Logs the given message to the console.</doc>
<status status="PASS" starttime="20231102 07:05:39.710" endtime="20231102 07:05:39.716"/>
</kw>
<kw name="Delete All Files" library="ex1_2">
<for flavor="IN">
<var>${element}</var>
<value>@{filename}</value>
<iter>
<var name="${element}">./result.txt</var>
<kw name="Delete File" library="lib">
<arg>${element}</arg>
<doc>Delete ``filename`` </doc>
<status status="PASS" starttime="20231102 07:05:39.717" endtime="20231102 07:05:39.718"/>
</kw>
<status status="PASS" starttime="20231102 07:05:39.717" endtime="20231102 07:05:39.718"/>
</iter>
<iter>
<var name="${element}">./conv.txt</var>
<kw name="Delete File" library="lib">
<arg>${element}</arg>
<doc>Delete ``filename`` </doc>
<status status="PASS" starttime="20231102 07:05:39.718" endtime="20231102 07:05:39.719"/>
</kw>
<status status="PASS" starttime="20231102 07:05:39.718" endtime="20231102 07:05:39.720"/>
</iter>
<status status="PASS" starttime="20231102 07:05:39.716" endtime="20231102 07:05:39.720"/>
</for>
<status status="PASS" starttime="20231102 07:05:39.716" endtime="20231102 07:05:39.720"/>
</kw>
<kw name="Log To Console" library="BuiltIn">
<arg>Test Suite Teardown.....\n</arg>
<doc>Logs the given message to the console.</doc>
<status status="PASS" starttime="20231102 07:05:39.721" endtime="20231102 07:05:39.722"/>
</kw>
<status status="PASS" starttime="20231102 07:05:39.708" endtime="20231102 07:05:39.722"/>
</kw>
<status status="PASS" starttime="20231102 07:05:35.962" endtime="20231102 07:05:39.722"/>
</suite>
<statistics>
<total>
<stat pass="6" fail="0" skip="0">All Tests</stat>
</total>
<tag>
<stat pass="1" fail="0" skip="0">test1</stat>
<stat pass="1" fail="0" skip="0">test2</stat>
<stat pass="1" fail="0" skip="0">test3</stat>
<stat pass="1" fail="0" skip="0">test4</stat>
<stat pass="1" fail="0" skip="0">test5</stat>
<stat pass="1" fail="0" skip="0">test6</stat>
</tag>
<suite>
<stat pass="6" fail="0" skip="0" id="s1" name="Ex1">Ex1</stat>
</suite>
</statistics>
<errors>
</errors>
</robot>
